[35m[Appium][39m Welcome to Appium v1.22.0
[35m[Appium][39m Non-default server args:
[35m[Appium][39m   port: 56973
[35m[Appium][39m   loglevel: info
[35m[Appium][39m   tmpDir: C:\Users\ROG\AppData\Local\Temp\\Katalon\Appium\Temp1726159512910
[35m[Appium][39m Appium REST http interface listener started on 0.0.0.0:56973
[35m[HTTP][39m [37m-->[39m [37mGET[39m [37m/wd/hub/status[39m
[35m[HTTP][39m [90m{}[39m
[35m[HTTP][39m [37m<-- GET /wd/hub/status [39m[32m200[39m [90m4 ms - 68[39m
[35m[HTTP][39m [90m[39m
[35m[HTTP][39m [37m-->[39m [37mGET[39m [37m/wd/hub/status[39m
[35m[HTTP][39m [90m{}[39m
[35m[HTTP][39m [37m<-- GET /wd/hub/status [39m[32m200[39m [90m1 ms - 68[39m
[35m[HTTP][39m [90m[39m
[35m[HTTP][39m [37m-->[39m [37mPOST[39m [37m/wd/hub/session[39m
[35m[HTTP][39m [90m{"desiredCapabilities":{"appActivity":".Settings","appPackage":"com.android.settings","newCommandTimeout":1800,"platformVersion":"14","automationName":"uiautomator2","autoGrantPermissions":true,"platformName":"Android","udid":"emulator-5554","deviceName":"emulator-5554 (sdk_gphone64_x86_64 - Android 14)","systemPort":8216},"capabilities":{"firstMatch":[{"appium:appActivity":".Settings","appium:appPackage":"com.android.settings","appium:autoGrantPermissions":true,"appium:automationName":"uiautomator2","appium:deviceName":"emulator-5554 (sdk_gphone64_x86_64 - Android 14)","appium:newCommandTimeout":1800,"platformName":"android","appium:platformVersion":"14","appium:systemPort":8216,"appium:udid":"emulator-5554"}]}}[39m
[35m[Appium][39m Appium v1.22.0 creating new AndroidUiautomator2Driver (v1.69.0) session
[35m[BaseDriver][39m Session created with session id: f0847865-2fc0-426d-9a39-b5cff7e292dd
[35m[UiAutomator2][39m Starting 'com.android.settings' directly on the device
[35m[ADB][39m Found 1 'build-tools' folders under 'C:\Users\ROG\.katalon\tools\android_sdk' (newest first):
[35m[ADB][39m     C:/Users/ROG/.katalon/tools/android_sdk/build-tools/29.0.3
[35m[ADB][39m Using 'adb.exe' from 'C:\Users\ROG\.katalon\tools\android_sdk\platform-tools\adb.exe'
[35m[AndroidDriver][39m Retrieving device list
[35m[AndroidDriver][39m Using device: emulator-5554
[35m[ADB][39m Using 'adb.exe' from 'C:\Users\ROG\.katalon\tools\android_sdk\platform-tools\adb.exe'
[35m[ADB][39m Getting device platform version
[35m[UiAutomator2][39m Relaxing hidden api policy
[35m[AndroidDriver][39m No app sent in, not parsing package/activity
[35m[ADB][39m Using 'apksigner.jar' from 'C:\Users\ROG\.katalon\tools\android_sdk\build-tools\29.0.3\lib\apksigner.jar'
[35m[ADB][39m 'C:\Users\ROG\AppData\Roaming\npm\node_modules\appium\node_modules\appium-uiautomator2-server\apks\appium-uiautomator2-server-v4.24.0.apk' is signed with the default certificate
[35m[ADB][39m 'C:\Users\ROG\AppData\Roaming\npm\node_modules\appium\node_modules\appium-uiautomator2-server\apks\appium-uiautomator2-server-debug-androidTest.apk' is signed with the default certificate
[35m[UiAutomator2][39m Server packages are not going to be (re)installed
[35m[ADB][39m Adding packages ["io.appium.settings","io.appium.uiautomator2.server","io.appium.uiautomator2.server.test"] to Doze whitelist
[35m[UiAutomator2][39m Starting UIAutomator2 server 4.24.0
[35m[UiAutomator2][39m Using UIAutomator2 server from 'C:\Users\ROG\AppData\Roaming\npm\node_modules\appium\node_modules\appium-uiautomator2-server\apks\appium-uiautomator2-server-v4.24.0.apk' and test from 'C:\Users\ROG\AppData\Roaming\npm\node_modules\appium\node_modules\appium-uiautomator2-server\apks\appium-uiautomator2-server-debug-androidTest.apk'
[35m[UiAutomator2][39m Waiting up to 30000ms for UiAutomator2 to be online...
[35m[WD Proxy][39m socket hang up
[35m[WD Proxy][39m socket hang up
[35m[WD Proxy][39m Determined the downstream protocol as 'W3C'
[35m[AndroidDriver][39m Screen already unlocked, doing nothing
[35m[UiAutomator2][39m Starting 'com.android.settings/.Settings and waiting for 'com.android.settings/.Settings'
[35m[Appium][39m New AndroidUiautomator2Driver session created successfully, session f0847865-2fc0-426d-9a39-b5cff7e292dd added to master session list
[35m[HTTP][39m [37m<-- POST /wd/hub/session [39m[32m200[39m [90m6854 ms - 1121[39m
[35m[HTTP][39m [90m[39m
[35m[HTTP][39m [37m-->[39m [37mGET[39m [37m/wd/hub/session/f0847865-2fc0-426d-9a39-b5cff7e292dd[39m
[35m[HTTP][39m [90m{}[39m
[35m[HTTP][39m [37m<-- GET /wd/hub/session/f0847865-2fc0-426d-9a39-b5cff7e292dd [39m[32m200[39m [90m13 ms - 1075[39m
[35m[HTTP][39m [90m[39m
[35m[HTTP][39m [37m-->[39m [37mGET[39m [37m/wd/hub/session/f0847865-2fc0-426d-9a39-b5cff7e292dd[39m
[35m[HTTP][39m [90m{}[39m
[35m[HTTP][39m [37m<-- GET /wd/hub/session/f0847865-2fc0-426d-9a39-b5cff7e292dd [39m[32m200[39m [90m8 ms - 1075[39m
[35m[HTTP][39m [90m[39m
[35m[HTTP][39m [37m-->[39m [37mGET[39m [37m/wd/hub/status[39m
[35m[HTTP][39m [90m{}[39m
[35m[HTTP][39m [37m<-- GET /wd/hub/status [39m[32m200[39m [90m1 ms - 68[39m
[35m[HTTP][39m [90m[39m
[35m[HTTP][39m [37m-->[39m [37mPOST[39m [37m/wd/hub/session/f0847865-2fc0-426d-9a39-b5cff7e292dd/timeouts[39m
[35m[HTTP][39m [90m{"implicit":60000}[39m
[35m[HTTP][39m [37m<-- POST /wd/hub/session/f0847865-2fc0-426d-9a39-b5cff7e292dd/timeouts [39m[32m200[39m [90m2 ms - 14[39m
[35m[HTTP][39m [90m[39m
[35m[HTTP][39m [37m-->[39m [37mGET[39m [37m/wd/hub/session/f0847865-2fc0-426d-9a39-b5cff7e292dd/appium/device/system_bars[39m
[35m[HTTP][39m [90m{}[39m
[35m[HTTP][39m [37m<-- GET /wd/hub/session/f0847865-2fc0-426d-9a39-b5cff7e292dd/appium/device/system_bars [39m[32m200[39m [90m80 ms - 145[39m
[35m[HTTP][39m [90m[39m
[35m[HTTP][39m [37m-->[39m [37mPOST[39m [37m/wd/hub/session/f0847865-2fc0-426d-9a39-b5cff7e292dd/execute/sync[39m
[35m[HTTP][39m [90m{"script":"mobile:viewportRect","args":[]}[39m
[35m[AndroidDriver][39m Executing native command 'mobile:viewportRect'
[35m[HTTP][39m [37m<-- POST /wd/hub/session/f0847865-2fc0-426d-9a39-b5cff7e292dd/execute/sync [39m[32m200[39m [90m17 ms - 56[39m
[35m[HTTP][39m [90m[39m
[35m[HTTP][39m [37m-->[39m [37mPOST[39m [37m/wd/hub/session/f0847865-2fc0-426d-9a39-b5cff7e292dd/appium/device/activate_app[39m
[35m[HTTP][39m [90m{"bundleId":"com.yoesuv.androidroom"}[39m
[35m[HTTP][39m [37m<-- POST /wd/hub/session/f0847865-2fc0-426d-9a39-b5cff7e292dd/appium/device/activate_app [39m[32m200[39m [90m867 ms - 14[39m
[35m[HTTP][39m [90m[39m
[35m[HTTP][39m [37m-->[39m [37mGET[39m [37m/wd/hub/session/f0847865-2fc0-426d-9a39-b5cff7e292dd/source[39m
[35m[HTTP][39m [90m{}[39m
[35m[W3C (f0847865)][39m Driver proxy active, passing request on via HTTP proxy
[35m[WD Proxy][39m Replacing sessionId af6b13f8-7788-435b-9b22-e8015ac94479 with f0847865-2fc0-426d-9a39-b5cff7e292dd
[35m[HTTP][39m [37m<-- GET /wd/hub/session/f0847865-2fc0-426d-9a39-b5cff7e292dd/source [39m[32m200[39m [90m1103 ms - 6574[39m
[35m[HTTP][39m [90m[39m
[35m[HTTP][39m [37m-->[39m [37mGET[39m [37m/wd/hub/session/f0847865-2fc0-426d-9a39-b5cff7e292dd/screenshot[39m
[35m[HTTP][39m [90m{}[39m
[35m[HTTP][39m [37m<-- GET /wd/hub/session/f0847865-2fc0-426d-9a39-b5cff7e292dd/screenshot [39m[32m200[39m [90m430 ms - 57396[39m
[35m[HTTP][39m [90m[39m
[35m[HTTP][39m [37m-->[39m [37mGET[39m [37m/wd/hub/session/f0847865-2fc0-426d-9a39-b5cff7e292dd/source[39m
[35m[HTTP][39m [90m{}[39m
[35m[W3C (f0847865)][39m Driver proxy active, passing request on via HTTP proxy
[35m[WD Proxy][39m Replacing sessionId af6b13f8-7788-435b-9b22-e8015ac94479 with f0847865-2fc0-426d-9a39-b5cff7e292dd
[35m[HTTP][39m [37m<-- GET /wd/hub/session/f0847865-2fc0-426d-9a39-b5cff7e292dd/source [39m[32m200[39m [90m44 ms - 8812[39m
[35m[HTTP][39m [90m[39m
[35m[HTTP][39m [37m-->[39m [37mGET[39m [37m/wd/hub/session/f0847865-2fc0-426d-9a39-b5cff7e292dd/screenshot[39m
[35m[HTTP][39m [90m{}[39m
[35m[HTTP][39m [37m<-- GET /wd/hub/session/f0847865-2fc0-426d-9a39-b5cff7e292dd/screenshot [39m[32m200[39m [90m248 ms - 113356[39m
[35m[HTTP][39m [90m[39m
[35m[HTTP][39m [37m-->[39m [37mGET[39m [37m/wd/hub/session/f0847865-2fc0-426d-9a39-b5cff7e292dd/source[39m
[35m[HTTP][39m [90m{}[39m
[35m[W3C (f0847865)][39m Driver proxy active, passing request on via HTTP proxy
[35m[WD Proxy][39m Replacing sessionId af6b13f8-7788-435b-9b22-e8015ac94479 with f0847865-2fc0-426d-9a39-b5cff7e292dd
[35m[HTTP][39m [37m<-- GET /wd/hub/session/f0847865-2fc0-426d-9a39-b5cff7e292dd/source [39m[32m200[39m [90m61 ms - 11128[39m
[35m[HTTP][39m [90m[39m
[35m[HTTP][39m [37m-->[39m [37mGET[39m [37m/wd/hub/session/f0847865-2fc0-426d-9a39-b5cff7e292dd/screenshot[39m
[35m[HTTP][39m [90m{}[39m
[35m[HTTP][39m [37m<-- GET /wd/hub/session/f0847865-2fc0-426d-9a39-b5cff7e292dd/screenshot [39m[32m200[39m [90m233 ms - 120626[39m
[35m[HTTP][39m [90m[39m
[35m[HTTP][39m [37m-->[39m [37mGET[39m [37m/wd/hub/session/f0847865-2fc0-426d-9a39-b5cff7e292dd/source[39m
[35m[HTTP][39m [90m{}[39m
[35m[W3C (f0847865)][39m Driver proxy active, passing request on via HTTP proxy
[35m[WD Proxy][39m Replacing sessionId af6b13f8-7788-435b-9b22-e8015ac94479 with f0847865-2fc0-426d-9a39-b5cff7e292dd
[35m[HTTP][39m [37m<-- GET /wd/hub/session/f0847865-2fc0-426d-9a39-b5cff7e292dd/source [39m[32m200[39m [90m57 ms - 11962[39m
[35m[HTTP][39m [90m[39m
[35m[HTTP][39m [37m-->[39m [37mGET[39m [37m/wd/hub/session/f0847865-2fc0-426d-9a39-b5cff7e292dd/screenshot[39m
[35m[HTTP][39m [90m{}[39m
[35m[HTTP][39m [37m<-- GET /wd/hub/session/f0847865-2fc0-426d-9a39-b5cff7e292dd/screenshot [39m[32m200[39m [90m287 ms - 218442[39m
[35m[HTTP][39m [90m[39m
[35m[HTTP][39m [37m-->[39m [37mGET[39m [37m/wd/hub/session/f0847865-2fc0-426d-9a39-b5cff7e292dd/source[39m
[35m[HTTP][39m [90m{}[39m
[35m[W3C (f0847865)][39m Driver proxy active, passing request on via HTTP proxy
[35m[WD Proxy][39m Replacing sessionId af6b13f8-7788-435b-9b22-e8015ac94479 with f0847865-2fc0-426d-9a39-b5cff7e292dd
[35m[HTTP][39m [37m<-- GET /wd/hub/session/f0847865-2fc0-426d-9a39-b5cff7e292dd/source [39m[32m200[39m [90m42 ms - 8910[39m
[35m[HTTP][39m [90m[39m
[35m[HTTP][39m [37m-->[39m [37mGET[39m [37m/wd/hub/session/f0847865-2fc0-426d-9a39-b5cff7e292dd/screenshot[39m
[35m[HTTP][39m [90m{}[39m
[35m[HTTP][39m [37m<-- GET /wd/hub/session/f0847865-2fc0-426d-9a39-b5cff7e292dd/screenshot [39m[32m200[39m [90m229 ms - 65040[39m
[35m[HTTP][39m [90m[39m
[35m[HTTP][39m [37m-->[39m [37mGET[39m [37m/wd/hub/session/f0847865-2fc0-426d-9a39-b5cff7e292dd/source[39m
[35m[HTTP][39m [90m{}[39m
[35m[W3C (f0847865)][39m Driver proxy active, passing request on via HTTP proxy
[35m[WD Proxy][39m Replacing sessionId af6b13f8-7788-435b-9b22-e8015ac94479 with f0847865-2fc0-426d-9a39-b5cff7e292dd
[35m[HTTP][39m [37m<-- GET /wd/hub/session/f0847865-2fc0-426d-9a39-b5cff7e292dd/source [39m[32m200[39m [90m34 ms - 6488[39m
[35m[HTTP][39m [90m[39m
[35m[HTTP][39m [37m-->[39m [37mGET[39m [37m/wd/hub/session/f0847865-2fc0-426d-9a39-b5cff7e292dd/screenshot[39m
[35m[HTTP][39m [90m{}[39m
[35m[HTTP][39m [37m<-- GET /wd/hub/session/f0847865-2fc0-426d-9a39-b5cff7e292dd/screenshot [39m[32m200[39m [90m262 ms - 113634[39m
[35m[HTTP][39m [90m[39m
[35m[HTTP][39m [37m-->[39m [37mDELETE[39m [37m/wd/hub/session/f0847865-2fc0-426d-9a39-b5cff7e292dd[39m
[35m[HTTP][39m [90m{}[39m
[35m[Appium][39m Removing session f0847865-2fc0-426d-9a39-b5cff7e292dd from our master session list
[35m[UiAutomator2][39m Restoring hidden api policy to the device default configuration
[35m[HTTP][39m [37m<-- DELETE /wd/hub/session/f0847865-2fc0-426d-9a39-b5cff7e292dd [39m[32m200[39m [90m232 ms - 14[39m
[35m[HTTP][39m [90m[39m
